#
# A fatal error has been detected by the Java Runtime Environment:
#
#  SIGSEGV (0xb) at pc=0x0000000102d7263b, pid=1644, tid=775
#
# JRE version: Java(TM) SE Runtime Environment (15.0.2+7) (build 15.0.2+7-27)
# Java VM: Java HotSpot(TM) 64-Bit Server VM (15.0.2+7-27, mixed mode, sharing, tiered, compressed oops, g1 gc, bsd-amd64)
# Problematic frame:
# C  [rsession+0x15b63b]  rstudio_boost::asio::detail::reactive_socket_accept_op_base<rstudio_boost::asio::basic_socket<rstudio_boost::asio::ip::tcp>, rstudio_boost::asio::ip::tcp>::do_perform(rstudio_boost::asio::detail::reactor_op*)+0x9695b
#
# No core dump will be written. Core dumps have been disabled. To enable core dumping, try "ulimit -c unlimited" before starting Java again
#
# If you would like to submit a bug report, please visit:
#   https://bugreport.java.com/bugreport/crash.jsp
# The crash happened outside the Java Virtual Machine in native code.
# See problematic frame for where to report the bug.
#

---------------  S U M M A R Y ------------

Command Line: -Djava.awt.headless=true -Xmx512m -Xrs vfprintf exit -Xss2m 

Host: MacBookAir4,2 x86_64 1700 MHz, 4 cores, 4G, Darwin 17.7.0
Time: Fri Jan 29 15:38:01 2021 EST elapsed time: 1917.304444 seconds (0d 0h 31m 57s)

---------------  T H R E A D  ---------------

Current thread (0x00007ffc66974000):  JavaThread "main" [_thread_in_native, id=775, stack(0x00007ffeec7e9000,0x00007ffeecfe9000)]

Stack: [0x00007ffeec7e9000,0x00007ffeecfe9000],  sp=0x00007ffeecfe66b0,  free space=8181k
Native frames: (J=compiled Java code, A=aot compiled Java code, j=interpreted, Vv=VM code, C=native code)
C  [rsession+0x15b63b]  rstudio_boost::asio::detail::reactive_socket_accept_op_base<rstudio_boost::asio::basic_socket<rstudio_boost::asio::ip::tcp>, rstudio_boost::asio::ip::tcp>::do_perform(rstudio_boost::asio::detail::reactor_op*)+0x9695b
C  [rsession+0x17279b]  rstudio_boost::asio::detail::reactive_socket_accept_op_base<rstudio_boost::asio::basic_socket<rstudio_boost::asio::ip::tcp>, rstudio_boost::asio::ip::tcp>::do_perform(rstudio_boost::asio::detail::reactor_op*)+0xadabb
C  [rsession+0x1011fb]  rstudio_boost::asio::detail::reactive_socket_accept_op_base<rstudio_boost::asio::basic_socket<rstudio_boost::asio::ip::tcp>, rstudio_boost::asio::ip::tcp>::do_perform(rstudio_boost::asio::detail::reactor_op*)+0x3c51b
C  [rsession+0x3278d]
[error occurred during error reporting (printing native stack), id 0xe0000000, Internal Error (./open/src/hotspot/os/bsd/decoder_machO.hpp:43)]


siginfo: si_signo: 11 (SIGSEGV), si_code: 0 (unknown), si_addr: 0x0000000000000000

Register to memory mapping:

RAX=0x100007ffc61f04c7 is an unknown value
RBX=0x0000000000000001 is an unknown value
RCX=0x0 is NULL
RDX=0x00000000000e5460 is an unknown value
RSP=0x00007ffeecfe66b0 is pointing into the stack for thread: 0x00007ffc66974000
RBP=0x00007ffeecfe6880 is pointing into the stack for thread: 0x00007ffc66974000
RSI=0x0000000104387400 points into unknown readable memory: 0x0000000000000000 | 00 00 00 00 00 00 00 00
RDI=0x0000000104384080 points into unknown readable memory: 0x0000000100000000 | 00 00 00 00 01 00 00 00
R8 =0x0000000000000001 is an unknown value
R9 =0x00007ffc691f5c50 points into unknown readable memory: 0x5000000000000000 | 00 00 00 00 00 00 00 50
R10=0x000007ffc691e24b is an unknown value
R11=0x0000000000000002 is an unknown value
R12=0x00007ffc61f034a0 points into unknown readable memory: 0x5000000000000000 | 00 00 00 00 00 00 00 50
R13=0x0000000000000007 is an unknown value
R14=0x7ffffffffffffffe is an unknown value
R15=0x00007ffeecfe6938 is pointing into the stack for thread: 0x00007ffc66974000


Registers:
RAX=0x100007ffc61f04c7, RBX=0x0000000000000001, RCX=0x0000000000000000, RDX=0x00000000000e5460
RSP=0x00007ffeecfe66b0, RBP=0x00007ffeecfe6880, RSI=0x0000000104387400, RDI=0x0000000104384080
R8 =0x0000000000000001, R9 =0x00007ffc691f5c50, R10=0x000007ffc691e24b, R11=0x0000000000000002
R12=0x00007ffc61f034a0, R13=0x0000000000000007, R14=0x7ffffffffffffffe, R15=0x00007ffeecfe6938
RIP=0x0000000102d7263b, EFLAGS=0x0000000000010202, ERR=0x0000000000000000
  TRAPNO=0x000000000000000d

Top of Stack: (sp=0x00007ffeecfe66b0)
0x00007ffeecfe66b0:   00001fb300004000 00007ffeecfe6744
0x00007ffeecfe66c0:   00007ffeecfe6750 00007ffeecfe6748
0x00007ffeecfe66d0:   00007ffc61e11990 0000000102c309d2
0x00007ffeecfe66e0:   00007ffc61e11990 000000000000003c
0x00007ffeecfe66f0:   0000000000000001 00007fff8e39f380
0x00007ffeecfe6700:   00007ffeecfe6790 00007fff55ece618
0x00007ffeecfe6710:   00007ffeecfe6740 00007ffeecfe6820
0x00007ffeecfe6720:   010000000000003c 0000000102c309d2
0x00007ffeecfe6730:   00007ffeecfe6820 00007ffc61e11950
0x00007ffeecfe6740:   000000000000003c 00007ffeecfe6820
0x00007ffeecfe6750:   00007ffeecfe6770 000000010358b772
0x00007ffeecfe6760:   0000000000000000 00000001038016d0
0x00007ffeecfe6770:   00007ffeecfe6828 00007ffeecfe6830
0x00007ffeecfe6780:   00007ffeecfe6810 000000010340e226
0x00007ffeecfe6790:   00007ffeecfe6800 0000000102c31591
0x00007ffeecfe67a0:   0000000000000000 00007ffc61e11950
0x00007ffeecfe67b0:   00007ffc62800100 0000000060147229
0x00007ffeecfe67c0:   00007ffe000324b5 000000000000000a
0x00007ffeecfe67d0:   00007ffeecfe6728 0000000000000000
0x00007ffeecfe67e0:   00007ffc61f035a0 0000000000000007
0x00007ffeecfe67f0:   00000001038016d0 0000000103414690
0x00007ffeecfe6800:   00007ffeecfe6828 00007ffeecfe6830
0x00007ffeecfe6810:   00007ffeecfe6880 000000010340e096
0x00007ffeecfe6820:   00007ffc61e11b20 0000000000000000
0x00007ffeecfe6830:   00007ffeecfe6850 00007ffc61d06798
0x00007ffeecfe6840:   8000000000000002 0000000000000007
0x00007ffeecfe6850:   df87f2877600008e 0000000000000001
0x00007ffeecfe6860:   8000000000000002 0000000000000007
0x00007ffeecfe6870:   7ffffffffffffffe 00007ffeecfe6938
0x00007ffeecfe6880:   00007ffeecfe68a0 0000000102d8979b
0x00007ffeecfe6890:   00007ffeecfe6940 00007ffeecfe6918
0x00007ffeecfe68a0:   00007ffeecfe69a0 0000000102d181fb 

Instructions: (pc=0x0000000102d7263b)
0x0000000102d7253b:   e7 fd 85 00 c6 43 e0 00 f6 43 a8 01 74 09 48 8b
0x0000000102d7254b:   7b b8 e8 94 fe 85 00 4c 8d 63 88 f6 43 90 01 74
0x0000000102d7255b:   09 48 8b 7b a0 e8 81 fe 85 00 4c 89 e3 4d 39 e7
0x0000000102d7256b:   75 c3 48 8b bd 10 ff ff ff 4c 89 bd 18 ff ff ff
0x0000000102d7257b:   e8 66 fe 85 00 48 8b bd d8 fe ff ff 48 85 ff 74
0x0000000102d7258b:   0c 48 89 bd e0 fe ff ff e8 4e fe 85 00 48 8b bd
0x0000000102d7259b:   c0 fe ff ff 48 85 ff 74 0c 48 89 bd c8 fe ff ff
0x0000000102d725ab:   e8 36 fe 85 00 4c 89 f7 e8 02 fa 85 00 0f 0b 4c
0x0000000102d725bb:   89 ff eb b5 90 55 48 89 e5 41 57 41 56 41 55 41
0x0000000102d725cb:   54 53 48 81 ec a8 01 00 00 49 89 fc 48 8b 05 d2
0x0000000102d725db:   bb a5 00 48 8b 00 48 89 45 d0 40 88 b5 a7 fe ff
0x0000000102d725eb:   ff 48 8b 7f 18 48 85 ff 0f 84 b9 02 00 00 48 c7
0x0000000102d725fb:   85 48 ff ff ff 0a 00 00 00 48 8d 85 a8 fe ff ff
0x0000000102d7260b:   48 89 85 50 ff ff ff 48 c7 85 58 ff ff ff 00 00
0x0000000102d7261b:   00 00 48 89 bd 60 ff ff ff e8 5b 02 86 00 85 c0
0x0000000102d7262b:   0f 85 aa 02 00 00 49 8b 44 24 08 48 85 c0 74 43
0x0000000102d7263b:   8b 40 08 83 f8 01 75 16 48 8d b5 a8 fe ff ff 4c
0x0000000102d7264b:   89 e7 31 d2 b9 01 00 00 00 e8 a7 74 f9 ff 4d 8b
0x0000000102d7265b:   34 24 49 8b 5c 24 08 48 85 db 74 27 f0 ff 43 08
0x0000000102d7266b:   c7 85 a0 fe ff ff 00 00 00 00 48 89 9d 90 fe ff
0x0000000102d7267b:   ff eb 21 4d 8b 34 24 b0 01 89 85 a0 fe ff ff 31
0x0000000102d7268b:   db eb 08 b0 01 89 85 a0 fe ff ff 31 c0 48 89 85
0x0000000102d7269b:   90 fe ff ff 48 8b bd 60 ff ff ff e8 e5 01 86 00
0x0000000102d726ab:   85 c0 0f 85 4c 02 00 00 48 89 9d 98 fe ff ff 4c
0x0000000102d726bb:   8d ad a8 fe ff ff 4c 89 ef e8 67 e9 ec ff c6 85
0x0000000102d726cb:   a8 fe ff ff 00 48 8d 85 b0 fe ff ff 48 c7 45 a0
0x0000000102d726db:   0a 00 00 00 48 89 45 a8 48 c7 45 b0 00 00 00 00
0x0000000102d726eb:   48 8d 85 a7 fe ff ff 48 89 45 b8 48 c7 45 c8 00
0x0000000102d726fb:   00 00 00 48 c7 45 c0 00 00 00 00 4d 85 f6 0f 84
0x0000000102d7270b:   14 02 00 00 4d 8b 3e 4d 85 ff 0f 84 2c 02 00 00
0x0000000102d7271b:   49 83 7e 10 00 4c 89 f8 0f 84 45 02 00 00 48 85
0x0000000102d7272b:   c0 0f 84 67 02 00 00 48 8b 58 08 48 89 9d 70 fe 


Stack slot to memory mapping:
stack at sp + 0 slots: 0x00001fb300004000 is an unknown value
stack at sp + 1 slots: 0x00007ffeecfe6744 is pointing into the stack for thread: 0x00007ffc66974000
stack at sp + 2 slots: 0x00007ffeecfe6750 is pointing into the stack for thread: 0x00007ffc66974000
stack at sp + 3 slots: 0x00007ffeecfe6748 is pointing into the stack for thread: 0x00007ffc66974000
stack at sp + 4 slots: 0x00007ffc61e11990 points into unknown readable memory: 0x00000000434f4e44 | 44 4e 4f 43 00 00 00 00
stack at sp + 5 slots: 0x0000000102c309d2: <offset 0x199d2> in /Applications/RStudio.app/Contents/MacOS/rsession at 0x0000000102c17000
stack at sp + 6 slots: 0x00007ffc61e11990 points into unknown readable memory: 0x00000000434f4e44 | 44 4e 4f 43 00 00 00 00
stack at sp + 7 slots: 0x000000000000003c is an unknown value


---------------  P R O C E S S  ---------------

Threads class SMR info:
_java_thread_list=0x00007ffc689d89a0, length=9, elements={
0x00007ffc66974000, 0x00007ffc62b97000, 0x00007ffc66f63800, 0x00007ffc633b7e00,
0x00007ffc6339a400, 0x00007ffc67210800, 0x00007ffc633bf600, 0x00007ffc634eb800,
0x00007ffc67206000
}

Java Threads: ( => current thread )
=>0x00007ffc66974000 JavaThread "main" [_thread_in_native, id=775, stack(0x00007ffeec7e9000,0x00007ffeecfe9000)]
  0x00007ffc62b97000 JavaThread "Reference Handler" daemon [_thread_blocked, id=23043, stack(0x000070000ad08000,0x000070000af08000)]
  0x00007ffc66f63800 JavaThread "Finalizer" daemon [_thread_blocked, id=23811, stack(0x000070000af0b000,0x000070000b10b000)]
  0x00007ffc633b7e00 JavaThread "Service Thread" daemon [_thread_blocked, id=26627, stack(0x000070000b394000,0x000070000b594000)]
  0x00007ffc6339a400 JavaThread "C2 CompilerThread0" daemon [_thread_blocked, id=26883, stack(0x000070000b597000,0x000070000b697000)]
  0x00007ffc67210800 JavaThread "C1 CompilerThread0" daemon [_thread_blocked, id=38915, stack(0x000070000b69a000,0x000070000b79a000)]
  0x00007ffc633bf600 JavaThread "Sweeper thread" daemon [_thread_blocked, id=27907, stack(0x000070000b79d000,0x000070000b99d000)]
  0x00007ffc634eb800 JavaThread "Notification Thread" daemon [_thread_blocked, id=28163, stack(0x000070000b9a0000,0x000070000bba0000)]
  0x00007ffc67206000 JavaThread "Common-Cleaner" daemon [_thread_blocked, id=36355, stack(0x000070000bca6000,0x000070000bea6000)]

Other Threads:
  0x00007ffc69058c30 VMThread "VM Thread" [stack: 0x000070000ac05000,0x000070000ad05000] [id=43267]
  0x00007ffc61e59630 WatcherThread [stack: 0x000070000bba3000,0x000070000bca3000] [id=37379]
  0x00007ffc61f73c50 GCTaskThread "GC Thread#0" [stack: 0x000070000a6f6000,0x000070000a7f6000] [id=14595]
  0x00007ffc6a2c4ca0 GCTaskThread "GC Thread#1" [stack: 0x000070000bea9000,0x000070000bfa9000] [id=35843]
  0x00007ffc61dec780 ConcurrentGCThread "G1 Main Marker" [stack: 0x000070000a7f9000,0x000070000a8f9000] [id=16899]
  0x00007ffc69083bf0 ConcurrentGCThread "G1 Conc#0" [stack: 0x000070000a8fc000,0x000070000a9fc000] [id=16643]
  0x00007ffc61dfb320 ConcurrentGCThread "G1 Refine#0" [stack: 0x000070000a9ff000,0x000070000aaff000] [id=16387]
  0x00007ffc61cabd80 ConcurrentGCThread "G1 Young RemSet Sampling" [stack: 0x000070000ab02000,0x000070000ac02000] [id=22019]

Threads with active compile tasks:

VM state: not at safepoint (normal execution)

VM Mutex/Monitor currently owned by a thread: None

Heap address: 0x00000007e0000000, size: 512 MB, Compressed Oops mode: Zero based, Oop shift amount: 3
CDS archive(s) mapped at: [0x0000000800000000-0x0000000800b2d000-0x0000000800b2d000), size 11718656, SharedBaseAddress: 0x0000000800000000, ArchiveRelocationMode: 0.
Compressed class space mapped at: 0x0000000800b30000-0x0000000840b30000, size: 1073741824
Narrow klass base: 0x0000000800000000, Narrow klass shift: 3, Narrow klass range: 0x100000000

GC Precious Log:
 CPUs: 4 total, 4 available
 Memory: 4096M
 Large Page Support: Disabled
 NUMA Support: Disabled
 Compressed Oops: Enabled (Zero based)
 Heap Region Size: 1M
 Heap Min Capacity: 8M
 Heap Initial Capacity: 64M
 Heap Max Capacity: 512M
 Pre-touch: Disabled
 Parallel Workers: 4
 Concurrent Workers: 1
 Concurrent Refinement Workers: 4
 Periodic GC: Disabled

Heap:
 garbage-first heap   total 67584K, used 7498K [0x00000007e0000000, 0x0000000800000000)
  region size 1024K, 6 young (6144K), 2 survivors (2048K)
 Metaspace       used 4747K, capacity 8111K, committed 8448K, reserved 1056768K
  class space    used 607K, capacity 913K, committed 1024K, reserved 1048576K

Heap Regions: E=young(eden), S=young(survivor), O=old, HS=humongous(starts), HC=humongous(continues), CS=collection set, F=free, OA=open archive, CA=closed archive, TAMS=top-at-mark-start (previous, next)
|   0|0x00000007e0000000, 0x00000007e0100000, 0x00000007e0100000|100%|HS|  |TAMS 0x00000007e0000000, 0x00000007e0000000| Complete 
|   1|0x00000007e0100000, 0x00000007e0188a00, 0x00000007e0200000| 53%| O|  |TAMS 0x00000007e0100000, 0x00000007e0100000| Untracked 
|   2|0x00000007e0200000, 0x00000007e0200000, 0x00000007e0300000|  0%| F|  |TAMS 0x00000007e0200000, 0x00000007e0200000| Untracked 
|   3|0x00000007e0300000, 0x00000007e0300000, 0x00000007e0400000|  0%| F|  |TAMS 0x00000007e0300000, 0x00000007e0300000| Untracked 
|   4|0x00000007e0400000, 0x00000007e0400000, 0x00000007e0500000|  0%| F|  |TAMS 0x00000007e0400000, 0x00000007e0400000| Untracked 
|   5|0x00000007e0500000, 0x00000007e0500000, 0x00000007e0600000|  0%| F|  |TAMS 0x00000007e0500000, 0x00000007e0500000| Untracked 
|   6|0x00000007e0600000, 0x00000007e0600000, 0x00000007e0700000|  0%| F|  |TAMS 0x00000007e0600000, 0x00000007e0600000| Untracked 
|   7|0x00000007e0700000, 0x00000007e0700000, 0x00000007e0800000|  0%| F|  |TAMS 0x00000007e0700000, 0x00000007e0700000| Untracked 
|   8|0x00000007e0800000, 0x00000007e0800000, 0x00000007e0900000|  0%| F|  |TAMS 0x00000007e0800000, 0x00000007e0800000| Untracked 
|   9|0x00000007e0900000, 0x00000007e0900000, 0x00000007e0a00000|  0%| F|  |TAMS 0x00000007e0900000, 0x00000007e0900000| Untracked 
|  10|0x00000007e0a00000, 0x00000007e0a00000, 0x00000007e0b00000|  0%| F|  |TAMS 0x00000007e0a00000, 0x00000007e0a00000| Untracked 
|  11|0x00000007e0b00000, 0x00000007e0b00000, 0x00000007e0c00000|  0%| F|  |TAMS 0x00000007e0b00000, 0x00000007e0b00000| Untracked 
|  12|0x00000007e0c00000, 0x00000007e0c00000, 0x00000007e0d00000|  0%| F|  |TAMS 0x00000007e0c00000, 0x00000007e0c00000| Untracked 
|  13|0x00000007e0d00000, 0x00000007e0d00000, 0x00000007e0e00000|  0%| F|  |TAMS 0x00000007e0d00000, 0x00000007e0d00000| Untracked 
|  14|0x00000007e0e00000, 0x00000007e0e00000, 0x00000007e0f00000|  0%| F|  |TAMS 0x00000007e0e00000, 0x00000007e0e00000| Untracked 
|  15|0x00000007e0f00000, 0x00000007e0f00000, 0x00000007e1000000|  0%| F|  |TAMS 0x00000007e0f00000, 0x00000007e0f00000| Untracked 
|  16|0x00000007e1000000, 0x00000007e1000000, 0x00000007e1100000|  0%| F|  |TAMS 0x00000007e1000000, 0x00000007e1000000| Untracked 
|  17|0x00000007e1100000, 0x00000007e1100000, 0x00000007e1200000|  0%| F|  |TAMS 0x00000007e1100000, 0x00000007e1100000| Untracked 
|  18|0x00000007e1200000, 0x00000007e1200000, 0x00000007e1300000|  0%| F|  |TAMS 0x00000007e1200000, 0x00000007e1200000| Untracked 
|  19|0x00000007e1300000, 0x00000007e1300000, 0x00000007e1400000|  0%| F|  |TAMS 0x00000007e1300000, 0x00000007e1300000| Untracked 
|  20|0x00000007e1400000, 0x00000007e1400000, 0x00000007e1500000|  0%| F|  |TAMS 0x00000007e1400000, 0x00000007e1400000| Untracked 
|  21|0x00000007e1500000, 0x00000007e1500000, 0x00000007e1600000|  0%| F|  |TAMS 0x00000007e1500000, 0x00000007e1500000| Untracked 
|  22|0x00000007e1600000, 0x00000007e1600000, 0x00000007e1700000|  0%| F|  |TAMS 0x00000007e1600000, 0x00000007e1600000| Untracked 
|  23|0x00000007e1700000, 0x00000007e1700000, 0x00000007e1800000|  0%| F|  |TAMS 0x00000007e1700000, 0x00000007e1700000| Untracked 
|  24|0x00000007e1800000, 0x00000007e1800000, 0x00000007e1900000|  0%| F|  |TAMS 0x00000007e1800000, 0x00000007e1800000| Untracked 
|  25|0x00000007e1900000, 0x00000007e1900000, 0x00000007e1a00000|  0%| F|  |TAMS 0x00000007e1900000, 0x00000007e1900000| Untracked 
|  26|0x00000007e1a00000, 0x00000007e1a00000, 0x00000007e1b00000|  0%| F|  |TAMS 0x00000007e1a00000, 0x00000007e1a00000| Untracked 
|  27|0x00000007e1b00000, 0x00000007e1b00000, 0x00000007e1c00000|  0%| F|  |TAMS 0x00000007e1b00000, 0x00000007e1b00000| Untracked 
|  28|0x00000007e1c00000, 0x00000007e1c00000, 0x00000007e1d00000|  0%| F|  |TAMS 0x00000007e1c00000, 0x00000007e1c00000| Untracked 
|  29|0x00000007e1d00000, 0x00000007e1d00000, 0x00000007e1e00000|  0%| F|  |TAMS 0x00000007e1d00000, 0x00000007e1d00000| Untracked 
|  30|0x00000007e1e00000, 0x00000007e1e00000, 0x00000007e1f00000|  0%| F|  |TAMS 0x00000007e1e00000, 0x00000007e1e00000| Untracked 
|  31|0x00000007e1f00000, 0x00000007e1f00000, 0x00000007e2000000|  0%| F|  |TAMS 0x00000007e1f00000, 0x00000007e1f00000| Untracked 
|  32|0x00000007e2000000, 0x00000007e2000000, 0x00000007e2100000|  0%| F|  |TAMS 0x00000007e2000000, 0x00000007e2000000| Untracked 
|  33|0x00000007e2100000, 0x00000007e2100000, 0x00000007e2200000|  0%| F|  |TAMS 0x00000007e2100000, 0x00000007e2100000| Untracked 
|  34|0x00000007e2200000, 0x00000007e2200000, 0x00000007e2300000|  0%| F|  |TAMS 0x00000007e2200000, 0x00000007e2200000| Untracked 
|  35|0x00000007e2300000, 0x00000007e2300000, 0x00000007e2400000|  0%| F|  |TAMS 0x00000007e2300000, 0x00000007e2300000| Untracked 
|  36|0x00000007e2400000, 0x00000007e2400000, 0x00000007e2500000|  0%| F|  |TAMS 0x00000007e2400000, 0x00000007e2400000| Untracked 
|  37|0x00000007e2500000, 0x00000007e2500000, 0x00000007e2600000|  0%| F|  |TAMS 0x00000007e2500000, 0x00000007e2500000| Untracked 
|  38|0x00000007e2600000, 0x00000007e2600000, 0x00000007e2700000|  0%| F|  |TAMS 0x00000007e2600000, 0x00000007e2600000| Untracked 
|  39|0x00000007e2700000, 0x00000007e2700000, 0x00000007e2800000|  0%| F|  |TAMS 0x00000007e2700000, 0x00000007e2700000| Untracked 
|  40|0x00000007e2800000, 0x00000007e2800000, 0x00000007e2900000|  0%| F|  |TAMS 0x00000007e2800000, 0x00000007e2800000| Untracked 
|  41|0x00000007e2900000, 0x00000007e2900000, 0x00000007e2a00000|  0%| F|  |TAMS 0x00000007e2900000, 0x00000007e2900000| Untracked 
|  42|0x00000007e2a00000, 0x00000007e2a00000, 0x00000007e2b00000|  0%| F|  |TAMS 0x00000007e2a00000, 0x00000007e2a00000| Untracked 
|  43|0x00000007e2b00000, 0x00000007e2b00000, 0x00000007e2c00000|  0%| F|  |TAMS 0x00000007e2b00000, 0x00000007e2b00000| Untracked 
|  44|0x00000007e2c00000, 0x00000007e2c00000, 0x00000007e2d00000|  0%| F|  |TAMS 0x00000007e2c00000, 0x00000007e2c00000| Untracked 
|  45|0x00000007e2d00000, 0x00000007e2d00000, 0x00000007e2e00000|  0%| F|  |TAMS 0x00000007e2d00000, 0x00000007e2d00000| Untracked 
|  46|0x00000007e2e00000, 0x00000007e2e00000, 0x00000007e2f00000|  0%| F|  |TAMS 0x00000007e2e00000, 0x00000007e2e00000| Untracked 
|  47|0x00000007e2f00000, 0x00000007e2f00000, 0x00000007e3000000|  0%| F|  |TAMS 0x00000007e2f00000, 0x00000007e2f00000| Untracked 
|  48|0x00000007e3000000, 0x00000007e3000000, 0x00000007e3100000|  0%| F|  |TAMS 0x00000007e3000000, 0x00000007e3000000| Untracked 
|  49|0x00000007e3100000, 0x00000007e3200000, 0x00000007e3200000|100%| S|CS|TAMS 0x00000007e3100000, 0x00000007e3100000| Complete 
|  50|0x00000007e3200000, 0x00000007e3300000, 0x00000007e3300000|100%| S|CS|TAMS 0x00000007e3200000, 0x00000007e3200000| Complete 
|  51|0x00000007e3300000, 0x00000007e3300000, 0x00000007e3400000|  0%| F|  |TAMS 0x00000007e3300000, 0x00000007e3300000| Untracked 
|  52|0x00000007e3400000, 0x00000007e3400000, 0x00000007e3500000|  0%| F|  |TAMS 0x00000007e3400000, 0x00000007e3400000| Untracked 
|  53|0x00000007e3500000, 0x00000007e3500000, 0x00000007e3600000|  0%| F|  |TAMS 0x00000007e3500000, 0x00000007e3500000| Untracked 
|  54|0x00000007e3600000, 0x00000007e3600000, 0x00000007e3700000|  0%| F|  |TAMS 0x00000007e3600000, 0x00000007e3600000| Untracked 
|  55|0x00000007e3700000, 0x00000007e3700000, 0x00000007e3800000|  0%| F|  |TAMS 0x00000007e3700000, 0x00000007e3700000| Untracked 
|  56|0x00000007e3800000, 0x00000007e3800000, 0x00000007e3900000|  0%| F|  |TAMS 0x00000007e3800000, 0x00000007e3800000| Untracked 
|  57|0x00000007e3900000, 0x00000007e3900000, 0x00000007e3a00000|  0%| F|  |TAMS 0x00000007e3900000, 0x00000007e3900000| Untracked 
|  58|0x00000007e3a00000, 0x00000007e3a00000, 0x00000007e3b00000|  0%| F|  |TAMS 0x00000007e3a00000, 0x00000007e3a00000| Untracked 
|  59|0x00000007e3b00000, 0x00000007e3b00000, 0x00000007e3c00000|  0%| F|  |TAMS 0x00000007e3b00000, 0x00000007e3b00000| Untracked 
|  60|0x00000007e3c00000, 0x00000007e3c578e0, 0x00000007e3d00000| 34%| E|  |TAMS 0x00000007e3c00000, 0x00000007e3c00000| Complete 
|  61|0x00000007e3d00000, 0x00000007e3e00000, 0x00000007e3e00000|100%| E|CS|TAMS 0x00000007e3d00000, 0x00000007e3d00000| Complete 
|  62|0x00000007e3e00000, 0x00000007e3f00000, 0x00000007e3f00000|100%| E|CS|TAMS 0x00000007e3e00000, 0x00000007e3e00000| Complete 
|  63|0x00000007e3f00000, 0x00000007e4000000, 0x00000007e4000000|100%| E|CS|TAMS 0x00000007e3f00000, 0x00000007e3f00000| Complete 
| 510|0x00000007ffe00000, 0x00000007ffe51000, 0x00000007fff00000| 31%|OA|  |TAMS 0x00000007ffe00000, 0x00000007ffe00000| Untracked 
| 511|0x00000007fff00000, 0x00000007fff79000, 0x0000000800000000| 47%|CA|  |TAMS 0x00000007fff00000, 0x00000007fff00000| Untracked 

Card table byte_map: [0x0000000109de4000,0x0000000109ee4000] _byte_map_base: 0x0000000105ee4000

Marking Bits (Prev, Next): (CMBitMap*) 0x00007ffc64b46010, (CMBitMap*) 0x00007ffc64b46050
 Prev Bits: [0x0000000109fe4000, 0x000000010a7e4000)
 Next Bits: [0x000000010a7e4000, 0x000000010afe4000)

Polling page: 0x00000001098cd000

Metaspace:

Usage:
  Non-class:      7.03 MB capacity,     4.04 MB ( 58%) used,     2.98 MB ( 42%) free+waste,     4.00 KB ( <1%) overhead. 
      Class:    913.00 KB capacity,   607.10 KB ( 66%) used,   304.15 KB ( 33%) free+waste,     1.75 KB ( <1%) overhead. 
       Both:      7.92 MB capacity,     4.64 MB ( 59%) used,     3.28 MB ( 41%) free+waste,     5.75 KB ( <1%) overhead. 

Virtual space:
  Non-class space:        8.00 MB reserved,       7.25 MB ( 91%) committed 
      Class space:        1.00 GB reserved,       1.00 MB ( <1%) committed 
             Both:        1.01 GB reserved,       8.25 MB ( <1%) committed 

Chunk freelists:
   Non-Class:  2.00 KB
       Class:  15.00 KB
        Both:  17.00 KB

MaxMetaspaceSize: 17179869184.00 GB
CompressedClassSpaceSize: 1.00 GB

CodeHeap 'non-profiled nmethods': size=120032Kb used=243Kb max_used=243Kb free=119788Kb
 bounds [0x000000011c38b000, 0x000000011c5fb000, 0x00000001238c3000]
CodeHeap 'profiled nmethods': size=120028Kb used=1352Kb max_used=1352Kb free=118675Kb
 bounds [0x0000000114e54000, 0x00000001150c4000, 0x000000011c38b000]
CodeHeap 'non-nmethods': size=5700Kb used=1120Kb max_used=1137Kb free=4579Kb
 bounds [0x00000001148c3000, 0x0000000114b33000, 0x0000000114e54000]
 total_blobs=1123 nmethods=756 adapters=281
 compilation: enabled
              stopped_count=0, restarted_count=0
 full_count=0

Compilation events (20 events):
Event: 1.563 Thread 0x00007ffc67210800 nmethod 747 0x0000000114fa3010 code [0x0000000114fa31e0, 0x0000000114fa3680]
Event: 1.563 Thread 0x00007ffc67210800  751       3       org.apache.xmlbeans.QNameSet::excludedURIs (17 bytes)
Event: 1.564 Thread 0x00007ffc67210800 nmethod 751 0x0000000114fa3810 code [0x0000000114fa39e0, 0x0000000114fa3e80]
Event: 1.567 Thread 0x00007ffc67210800  754       3       java.util.HashSet::size (8 bytes)
Event: 1.567 Thread 0x00007ffc67210800 nmethod 754 0x0000000114fa4010 code [0x0000000114fa41a0, 0x0000000114fa4350]
Event: 1.571 Thread 0x00007ffc67210800  755   !   3       jdk.internal.loader.BuiltinClassLoader$2::run (114 bytes)
Event: 1.572 Thread 0x00007ffc67210800 nmethod 755 0x0000000114fa4410 code [0x0000000114fa46a0, 0x0000000114fa5510]
Event: 1.576 Thread 0x00007ffc67210800  756       1       java.net.URLConnection::getUseCaches (5 bytes)
Event: 1.576 Thread 0x00007ffc67210800 nmethod 756 0x000000011c3c3a10 code [0x000000011c3c3ba0, 0x000000011c3c3c50]
Event: 1.578 Thread 0x00007ffc67210800  757       3       java.nio.charset.CoderResult::isUnderflow (13 bytes)
Event: 1.578 Thread 0x00007ffc67210800 nmethod 757 0x0000000114fa5a10 code [0x0000000114fa5ba0, 0x0000000114fa5cf0]
Event: 1.581 Thread 0x00007ffc67210800  758       3       org.apache.xmlbeans.impl.store.Xobj::isAttr (14 bytes)
Event: 1.581 Thread 0x00007ffc67210800 nmethod 758 0x0000000114fa5d90 code [0x0000000114fa5f20, 0x0000000114fa60d0]
Event: 1.583 Thread 0x00007ffc6339a400 nmethod 740 0x000000011c3c3d10 code [0x000000011c3c3f60, 0x000000011c3c4b48]
Event: 1.583 Thread 0x00007ffc6339a400  742       4       org.apache.xmlbeans.impl.schema.SchemaTypeSystemImpl$XsbReader::readString (12 bytes)
Event: 1.590 Thread 0x00007ffc6339a400 nmethod 742 0x000000011c3c5890 code [0x000000011c3c5a60, 0x000000011c3c5ef8]
Event: 1.591 Thread 0x00007ffc6339a400  752       4       java.io.DataInputStream::readUTF (5 bytes)
Event: 1.591 Thread 0x00007ffc6339a400 nmethod 752 0x000000011c3c6490 code [0x000000011c3c6600, 0x000000011c3c6688]
Event: 1.591 Thread 0x00007ffc6339a400  753       4       org.apache.xmlbeans.impl.schema.SchemaTypeSystemImpl$StringPool::codeForString (69 bytes)
Event: 1.612 Thread 0x00007ffc6339a400 nmethod 753 0x000000011c3c6790 code [0x000000011c3c6980, 0x000000011c3c7448]

GC Heap History (2 events):
Event: 1.406 GC heap before
{Heap before GC invocations=0 (full 0):
 garbage-first heap   total 67584K, used 15144K [0x00000007e0000000, 0x0000000800000000)
  region size 1024K, 13 young (13312K), 0 survivors (0K)
 Metaspace       used 3889K, capacity 7279K, committed 7424K, reserved 1056768K
  class space    used 423K, capacity 721K, committed 768K, reserved 1048576K
}
Event: 1.418 GC heap after
{Heap after GC invocations=1 (full 0):
 garbage-first heap   total 67584K, used 4426K [0x00000007e0000000, 0x0000000800000000)
  region size 1024K, 2 young (2048K), 2 survivors (2048K)
 Metaspace       used 3889K, capacity 7279K, committed 7424K, reserved 1056768K
  class space    used 423K, capacity 721K, committed 768K, reserved 1048576K
}

Deoptimization events (20 events):
Event: 1.505 Thread 0x00007ffc66974000 DEOPT PACKING pc=0x000000011c3bef68 sp=0x00007ffeecfd2960
Event: 1.505 Thread 0x00007ffc66974000 DEOPT UNPACKING pc=0x0000000114911125 sp=0x00007ffeecfd2878 mode 2
Event: 1.505 Thread 0x00007ffc66974000 Uncommon trap: trap_request=0xffffffde fr.pc=0x000000011c3bef68 relative=0x00000000000002c8
Event: 1.505 Thread 0x00007ffc66974000 Uncommon trap: reason=class_check action=maybe_recompile pc=0x000000011c3bef68 method=java.util.HashMap.getNode(Ljava/lang/Object;)Ljava/util/HashMap$Node; @ 128 c2
Event: 1.505 Thread 0x00007ffc66974000 DEOPT PACKING pc=0x000000011c3bef68 sp=0x00007ffeecfd29c0
Event: 1.505 Thread 0x00007ffc66974000 DEOPT UNPACKING pc=0x0000000114911125 sp=0x00007ffeecfd28d8 mode 2
Event: 1.505 Thread 0x00007ffc66974000 Uncommon trap: trap_request=0xffffffde fr.pc=0x000000011c3bef68 relative=0x00000000000002c8
Event: 1.505 Thread 0x00007ffc66974000 Uncommon trap: reason=class_check action=maybe_recompile pc=0x000000011c3bef68 method=java.util.HashMap.getNode(Ljava/lang/Object;)Ljava/util/HashMap$Node; @ 128 c2
Event: 1.505 Thread 0x00007ffc66974000 DEOPT PACKING pc=0x000000011c3bef68 sp=0x00007ffeecfd29c0
Event: 1.505 Thread 0x00007ffc66974000 DEOPT UNPACKING pc=0x0000000114911125 sp=0x00007ffeecfd28d8 mode 2
Event: 1.512 Thread 0x00007ffc66974000 Uncommon trap: trap_request=0xffffffde fr.pc=0x000000011c3bef68 relative=0x00000000000002c8
Event: 1.512 Thread 0x00007ffc66974000 Uncommon trap: reason=class_check action=maybe_recompile pc=0x000000011c3bef68 method=java.util.HashMap.getNode(Ljava/lang/Object;)Ljava/util/HashMap$Node; @ 128 c2
Event: 1.512 Thread 0x00007ffc66974000 DEOPT PACKING pc=0x000000011c3bef68 sp=0x00007ffeecfd29d0
Event: 1.512 Thread 0x00007ffc66974000 DEOPT UNPACKING pc=0x0000000114911125 sp=0x00007ffeecfd28e8 mode 2
Event: 1.512 Thread 0x00007ffc66974000 Uncommon trap: trap_request=0xffffffde fr.pc=0x000000011c3b82dc relative=0x00000000000002bc
Event: 1.512 Thread 0x00007ffc66974000 Uncommon trap: reason=class_check action=maybe_recompile pc=0x000000011c3b82dc method=java.util.HashMap.getNode(Ljava/lang/Object;)Ljava/util/HashMap$Node; @ 128 c2
Event: 1.512 Thread 0x00007ffc66974000 DEOPT PACKING pc=0x000000011c3b82dc sp=0x00007ffeecfd2890
Event: 1.512 Thread 0x00007ffc66974000 DEOPT UNPACKING pc=0x0000000114911125 sp=0x00007ffeecfd2828 mode 2
Event: 1.553 Thread 0x00007ffc66974000 DEOPT PACKING pc=0x0000000114f695ee sp=0x00007ffeecfd29a0
Event: 1.553 Thread 0x00007ffc66974000 DEOPT UNPACKING pc=0x0000000114910f2b sp=0x00007ffeecfd1ed0 mode 0

Classes unloaded (0 events):
No events

Classes redefined (0 events):
No events

Internal exceptions (4 events):
Event: 1.168 Thread 0x00007ffc66974000 Exception <a 'java/lang/NoSuchMethodError'{0x00000007e3747ef0}: 'java.lang.Object java.lang.invoke.DirectMethodHandle$Holder.invokeStatic(java.lang.Object)'> (0x00000007e3747ef0) 
thrown [./open/src/hotspot/share/interpreter/linkResolver.cpp, line 782]
Event: 1.169 Thread 0x00007ffc66974000 Exception <a 'java/lang/NoSuchMethodError'{0x00000007e374b980}: 'java.lang.Object java.lang.invoke.DirectMethodHandle$Holder.invokeStaticInit(java.lang.Object)'> (0x00000007e374b980) 
thrown [./open/src/hotspot/share/interpreter/linkResolver.cpp, line 782]
Event: 1.173 Thread 0x00007ffc66974000 Exception <a 'java/lang/NoSuchMethodError'{0x00000007e3752cb8}: 'void java.lang.invoke.DirectMethodHandle$Holder.invokeSpecial(java.lang.Object, java.lang.Object, java.lang.Object)'> (0x00000007e3752cb8) 
thrown [./open/src/hotspot/share/interpreter/linkResolver.cpp, line 782]
Event: 1.176 Thread 0x00007ffc66974000 Exception <a 'java/lang/NoSuchMethodError'{0x00000007e375c768}: 'java.lang.Object java.lang.invoke.DirectMethodHandle$Holder.invokeInterface(java.lang.Object, java.lang.Object)'> (0x00000007e375c768) 
thrown [./open/src/hotspot/share/interpreter/linkResolver.cpp, line 782]

Events (20 events):
Event: 1.323 loading class java/util/LinkedHashMap$LinkedValueIterator
Event: 1.323 loading class java/util/LinkedHashMap$LinkedValueIterator done
Event: 1.348 loading class org/w3c/dom/Attr
Event: 1.348 loading class org/w3c/dom/Attr done
Event: 1.350 loading class org/w3c/dom/NodeList
Event: 1.350 loading class org/w3c/dom/NodeList done
Event: 1.351 loading class org/w3c/dom/Comment
Event: 1.351 loading class org/w3c/dom/Comment done
Event: 1.363 loading class org/w3c/dom/DocumentFragment
Event: 1.363 loading class org/w3c/dom/DocumentFragment done
Event: 1.366 loading class org/w3c/dom/ProcessingInstruction
Event: 1.366 loading class org/w3c/dom/ProcessingInstruction done
Event: 1.381 loading class org/w3c/dom/NamedNodeMap
Event: 1.381 loading class org/w3c/dom/NamedNodeMap done
Event: 1.406 Executing VM operation: G1CollectForAllocation
Event: 1.419 Executing VM operation: G1CollectForAllocation done
Event: 1.419 Executing VM operation: HandshakeAllThreads
Event: 1.419 Executing VM operation: HandshakeAllThreads done
Event: 1917.224 Protecting memory [0x000070000b191000,0x000070000b195000] with protection modes 3
Event: 1917.232 Thread 0x00007ffc66ff6800 Thread exited: 0x00007ffc66ff6800


Dynamic libraries:
0x0000000103881000 	/Library/Frameworks/R.framework/Resources/lib/libR.dylib
0x00007fff2b22f000 	/System/Library/Frameworks/AppKit.framework/Versions/C/AppKit
0x00007fff2c0df000 	/System/Library/Frameworks/ApplicationServices.framework/Versions/A/ApplicationServices
0x00007fff2dc5e000 	/System/Library/Frameworks/CoreFoundation.framework/Versions/A/CoreFoundation
0x00007fff2fdd6000 	/System/Library/Frameworks/Foundation.framework/Versions/C/Foundation
0x00007fff304b3000 	/System/Library/Frameworks/IOKit.framework/Versions/A/IOKit
0x00007fff39ade000 	/System/Library/Frameworks/Security.framework/Versions/A/Security
0x00007fff53ae7000 	/usr/lib/libbsm.0.dylib
0x00007fff5384f000 	/usr/lib/libSystem.B.dylib
0x00007fff5599d000 	/usr/lib/libz.1.dylib
0x00007fff2edee000 	/System/Library/Frameworks/CoreServices.framework/Versions/A/CoreServices
0x0000000103d73000 	/Applications/RStudio.app/Contents/Frameworks/libssl.1.1.dylib
0x0000000103df1000 	/Applications/RStudio.app/Contents/Frameworks/libcrypto.1.1.dylib
0x00007fff53b06000 	/usr/lib/libc++.1.dylib
0x00007fff2e0fa000 	/System/Library/Frameworks/CoreGraphics.framework/Versions/A/CoreGraphics
0x00007fff2f77e000 	/System/Library/Frameworks/CoreText.framework/Versions/A/CoreText
0x00007fff54f8a000 	/usr/lib/libobjc.A.dylib
0x00007fff4d194000 	/System/Library/PrivateFrameworks/RemoteViewServices.framework/Versions/A/RemoteViewServices
0x00007fff518f4000 	/System/Library/PrivateFrameworks/UIFoundation.framework/Versions/A/UIFoundation
0x00007fff41fa6000 	/System/Library/PrivateFrameworks/DFRFoundation.framework/Versions/A/DFRFoundation
0x00007fff32445000 	/System/Library/Frameworks/Metal.framework/Versions/A/Metal
0x00007fff42143000 	/System/Library/PrivateFrameworks/DesktopServicesPriv.framework/Versions/A/DesktopServicesPriv
0x00007fff544d7000 	/usr/lib/libenergytrace.dylib
0x00007fff4f95f000 	/System/Library/PrivateFrameworks/SkyLight.framework/Versions/A/SkyLight
0x00007fff5384a000 	/usr/lib/libScreenReader.dylib
0x00007fff29f41000 	/System/Library/Frameworks/Accelerate.framework/Versions/A/Accelerate
0x00007fff30550000 	/System/Library/Frameworks/IOSurface.framework/Versions/A/IOSurface
0x00007fff2c629000 	/System/Library/Frameworks/AudioToolbox.framework/Versions/A/AudioToolbox
0x00007fff2c8b9000 	/System/Library/Frameworks/AudioUnit.framework/Versions/A/AudioUnit
0x00007fff2d815000 	/System/Library/Frameworks/CoreData.framework/Versions/A/CoreData
0x00007fff4203e000 	/System/Library/PrivateFrameworks/DataDetectorsCore.framework/Versions/A/DataDetectorsCore
0x00007fff2cf90000 	/System/Library/Frameworks/Carbon.framework/Versions/A/Frameworks/HIToolbox.framework/Versions/A/HIToolbox
0x00007fff54631000 	/usr/lib/libicucore.A.dylib
0x00007fff3905d000 	/System/Library/Frameworks/QuartzCore.framework/Versions/A/QuartzCore
0x00007fff4ec16000 	/System/Library/PrivateFrameworks/SignpostNotification.framework/Versions/A/SignpostNotification
0x00007fff2d376000 	/System/Library/Frameworks/Carbon.framework/Versions/A/Frameworks/SpeechRecognition.framework/Versions/A/SpeechRecognition
0x00007fff53a2d000 	/usr/lib/libauto.dylib
0x00007fff5588c000 	/usr/lib/libxml2.2.dylib
0x00007fff41bf7000 	/System/Library/PrivateFrameworks/CoreUI.framework/Versions/A/CoreUI
0x00007fff2d6f1000 	/System/Library/Frameworks/CoreAudio.framework/Versions/A/CoreAudio
0x00007fff2fc10000 	/System/Library/Frameworks/DiskArbitration.framework/Versions/A/DiskArbitration
0x00007fff548a5000 	/usr/lib/liblangid.dylib
0x00007fff4969e000 	/System/Library/PrivateFrameworks/MultitouchSupport.framework/Versions/A/MultitouchSupport
0x00007fff534d9000 	/usr/lib/libDiagnosticMessagesClient.dylib
0x00007fff4b1d0000 	/System/Library/PrivateFrameworks/PerformanceAnalysis.framework/Versions/A/PerformanceAnalysis
0x00007fff381ff000 	/System/Library/Frameworks/OpenGL.framework/Versions/A/OpenGL
0x00007fff2d4ab000 	/System/Library/Frameworks/ColorSync.framework/Versions/A/ColorSync
0x00007fff2e72a000 	/System/Library/Frameworks/CoreImage.framework/Versions/A/CoreImage
0x00007fff305ae000 	/System/Library/Frameworks/ImageIO.framework/Versions/A/ImageIO
0x00007fff3e8ee000 	/System/Library/PrivateFrameworks/Backup.framework/Versions/A/Backup
0x00007fff538fb000 	/usr/lib/libarchive.2.dylib
0x00007fff2cbdc000 	/System/Library/Frameworks/CFNetwork.framework/Versions/A/CFNetwork
0x00007fff3a271000 	/System/Library/Frameworks/SystemConfiguration.framework/Versions/A/SystemConfiguration
0x00007fff53402000 	/usr/lib/libCRFSuite.dylib
0x00007fff53b5d000 	/usr/lib/libc++abi.dylib
0x00007fff55a4b000 	/usr/lib/system/libcache.dylib
0x00007fff55a50000 	/usr/lib/system/libcommonCrypto.dylib
0x00007fff55a5b000 	/usr/lib/system/libcompiler_rt.dylib
0x00007fff55a63000 	/usr/lib/system/libcopyfile.dylib
0x00007fff55a6d000 	/usr/lib/system/libcorecrypto.dylib
0x00007fff55b7a000 	/usr/lib/system/libdispatch.dylib
0x00007fff55bb4000 	/usr/lib/system/libdyld.dylib
0x00007fff55bd2000 	/usr/lib/system/libkeymgr.dylib
0x00007fff55be0000 	/usr/lib/system/liblaunch.dylib
0x00007fff55be1000 	/usr/lib/system/libmacho.dylib
0x00007fff55be6000 	/usr/lib/system/libquarantine.dylib
0x00007fff55be9000 	/usr/lib/system/libremovefile.dylib
0x00007fff55beb000 	/usr/lib/system/libsystem_asl.dylib
0x00007fff55c03000 	/usr/lib/system/libsystem_blocks.dylib
0x00007fff55c04000 	/usr/lib/system/libsystem_c.dylib
0x00007fff55c8e000 	/usr/lib/system/libsystem_configuration.dylib
0x00007fff55c92000 	/usr/lib/system/libsystem_coreservices.dylib
0x00007fff55c96000 	/usr/lib/system/libsystem_darwin.dylib
0x00007fff55c98000 	/usr/lib/system/libsystem_dnssd.dylib
0x00007fff55c9f000 	/usr/lib/system/libsystem_info.dylib
0x00007fff55d10000 	/usr/lib/system/libsystem_m.dylib
0x00007fff55d5c000 	/usr/lib/system/libsystem_malloc.dylib
0x00007fff55d7c000 	/usr/lib/system/libsystem_network.dylib
0x00007fff55ead000 	/usr/lib/system/libsystem_networkextension.dylib
0x00007fff55eb8000 	/usr/lib/system/libsystem_notify.dylib
0x00007fff55ed6000 	/usr/lib/system/libsystem_sandbox.dylib
0x00007fff55eda000 	/usr/lib/system/libsystem_secinit.dylib
0x00007fff55ce9000 	/usr/lib/system/libsystem_kernel.dylib
0x00007fff55ec2000 	/usr/lib/system/libsystem_platform.dylib
0x00007fff55eca000 	/usr/lib/system/libsystem_pthread.dylib
0x00007fff55edc000 	/usr/lib/system/libsystem_symptoms.dylib
0x00007fff55ee4000 	/usr/lib/system/libsystem_trace.dylib
0x00007fff55ef9000 	/usr/lib/system/libunwind.dylib
0x00007fff55eff000 	/usr/lib/system/libxpc.dylib
0x00007fff53315000 	/usr/lib/closure/libclosured.dylib
0x00007fff55bd3000 	/usr/lib/system/libkxld.dylib
0x00007fff53713000 	/usr/lib/libOpenScriptingUtil.dylib
0x00007fff53e56000 	/usr/lib/libcoretls.dylib
0x00007fff53e6f000 	/usr/lib/libcoretls_cfhelpers.dylib
0x00007fff5538e000 	/usr/lib/libpam.2.dylib
0x00007fff554b5000 	/usr/lib/libsqlite3.dylib
0x00007fff5587b000 	/usr/lib/libxar.1.dylib
0x00007fff53af8000 	/usr/lib/libbz2.1.0.dylib
0x00007fff548a7000 	/usr/lib/liblzma.5.dylib
0x00007fff54d88000 	/usr/lib/libnetwork.dylib
0x00007fff538e4000 	/usr/lib/libapple_nghttp2.dylib
0x00007fff55395000 	/usr/lib/libpcap.A.dylib
0x00007fff53a2e000 	/usr/lib/libboringssl.dylib
0x00007fff55816000 	/usr/lib/libusrtcp.dylib
0x00007fff538e3000 	/usr/lib/libapple_crypto.dylib
0x00007fff2f171000 	/System/Library/Frameworks/CoreServices.framework/Versions/A/Frameworks/FSEvents.framework/Versions/A/FSEvents
0x00007fff2ee64000 	/System/Library/Frameworks/CoreServices.framework/Versions/A/Frameworks/CarbonCore.framework/Versions/A/CarbonCore
0x00007fff2f338000 	/System/Library/Frameworks/CoreServices.framework/Versions/A/Frameworks/Metadata.framework/Versions/A/Metadata
0x00007fff2f3e9000 	/System/Library/Frameworks/CoreServices.framework/Versions/A/Frameworks/OSServices.framework/Versions/A/OSServices
0x00007fff2f44a000 	/System/Library/Frameworks/CoreServices.framework/Versions/A/Frameworks/SearchKit.framework/Versions/A/SearchKit
0x00007fff2edef000 	/System/Library/Frameworks/CoreServices.framework/Versions/A/Frameworks/AE.framework/Versions/A/AE
0x00007fff2f17a000 	/System/Library/Frameworks/CoreServices.framework/Versions/A/Frameworks/LaunchServices.framework/Versions/A/LaunchServices
0x00007fff2f13c000 	/System/Library/Frameworks/CoreServices.framework/Versions/A/Frameworks/DictionaryServices.framework/Versions/A/DictionaryServices
0x00007fff2f4b9000 	/System/Library/Frameworks/CoreServices.framework/Versions/A/Frameworks/SharedFileList.framework/Versions/A/SharedFileList
0x00007fff3367b000 	/System/Library/Frameworks/NetFS.framework/Versions/A/NetFS
0x00007fff4992f000 	/System/Library/PrivateFrameworks/NetAuth.framework/Versions/A/NetAuth
0x00007fff531ac000 	/System/Library/PrivateFrameworks/login.framework/Versions/A/Frameworks/loginsupport.framework/Versions/A/loginsupport
0x00007fff51571000 	/System/Library/PrivateFrameworks/TCC.framework/Versions/A/TCC
0x00007fff54988000 	/usr/lib/libmecabra.dylib
0x00007fff2c0e0000 	/System/Library/Frameworks/ApplicationServices.framework/Versions/A/Frameworks/ATS.framework/Versions/A/ATS
0x00007fff2c48e000 	/System/Library/Frameworks/ApplicationServices.framework/Versions/A/Frameworks/ColorSyncLegacy.framework/Versions/A/ColorSyncLegacy
0x00007fff2c532000 	/System/Library/Frameworks/ApplicationServices.framework/Versions/A/Frameworks/HIServices.framework/Versions/A/HIServices
0x00007fff2c585000 	/System/Library/Frameworks/ApplicationServices.framework/Versions/A/Frameworks/LangAnalysis.framework/Versions/A/LangAnalysis
0x00007fff2c594000 	/System/Library/Frameworks/ApplicationServices.framework/Versions/A/Frameworks/PrintCore.framework/Versions/A/PrintCore
0x00007fff2c5e1000 	/System/Library/Frameworks/ApplicationServices.framework/Versions/A/Frameworks/QD.framework/Versions/A/QD
0x00007fff2c61c000 	/System/Library/Frameworks/ApplicationServices.framework/Versions/A/Frameworks/SpeechSynthesis.framework/Versions/A/SpeechSynthesis
0x00007fff2db7a000 	/System/Library/Frameworks/CoreDisplay.framework/Versions/A/CoreDisplay
0x00007fff29f5a000 	/System/Library/Frameworks/Accelerate.framework/Versions/A/Frameworks/vImage.framework/Versions/A/vImage
0x00007fff2af3b000 	/System/Library/Frameworks/Accelerate.framework/Versions/A/Frameworks/vecLib.framework/Versions/A/vecLib
0x00007fff2ad10000 	/System/Library/Frameworks/Accelerate.framework/Versions/A/Frameworks/vecLib.framework/Versions/A/libvDSP.dylib
0x00007fff2a84a000 	/System/Library/Frameworks/Accelerate.framework/Versions/A/Frameworks/vecLib.framework/Versions/A/libBNNS.dylib
0x00007fff2ac76000 	/System/Library/Frameworks/Accelerate.framework/Versions/A/Frameworks/vecLib.framework/Versions/A/libQuadrature.dylib
0x00007fff2ae84000 	/System/Library/Frameworks/Accelerate.framework/Versions/A/Frameworks/vecLib.framework/Versions/A/libvMisc.dylib
0x00007fff2a885000 	/System/Library/Frameworks/Accelerate.framework/Versions/A/Frameworks/vecLib.framework/Versions/A/libLAPACK.dylib
0x00007fff2a6a9000 	/System/Library/Frameworks/Accelerate.framework/Versions/A/Frameworks/vecLib.framework/Versions/A/libBLAS.dylib
0x00007fff2ac5f000 	/System/Library/Frameworks/Accelerate.framework/Versions/A/Frameworks/vecLib.framework/Versions/A/libLinearAlgebra.dylib
0x00007fff2ac7c000 	/System/Library/Frameworks/Accelerate.framework/Versions/A/Frameworks/vecLib.framework/Versions/A/libSparse.dylib
0x00007fff2acfd000 	/System/Library/Frameworks/Accelerate.framework/Versions/A/Frameworks/vecLib.framework/Versions/A/libSparseBLAS.dylib
0x00007fff46782000 	/System/Library/PrivateFrameworks/GPUWrangler.framework/Versions/A/GPUWrangler
0x00007fff47f13000 	/System/Library/PrivateFrameworks/IOAccelerator.framework/Versions/A/IOAccelerator
0x00007fff47f1e000 	/System/Library/PrivateFrameworks/IOPresentment.framework/Versions/A/IOPresentment
0x00007fff41fb8000 	/System/Library/PrivateFrameworks/DSExternalDisplay.framework/Versions/A/DSExternalDisplay
0x00007fff3767e000 	/System/Library/Frameworks/OpenGL.framework/Versions/A/Libraries/libCoreFSCache.dylib
0x00007fff2f8cf000 	/System/Library/Frameworks/CoreVideo.framework/Versions/A/CoreVideo
0x00007fff474fd000 	/System/Library/PrivateFrameworks/GraphVisualizer.framework/Versions/A/GraphVisualizer
0x00007fff3267c000 	/System/Library/Frameworks/MetalPerformanceShaders.framework/Versions/A/MetalPerformanceShaders
0x00007fff53511000 	/usr/lib/libFosl_dynamic.dylib
0x00007fff4308c000 	/System/Library/PrivateFrameworks/FaceCore.framework/Versions/A/FaceCore
0x00007fff36479000 	/System/Library/Frameworks/OpenCL.framework/Versions/A/OpenCL
0x00007fff53b94000 	/usr/lib/libcompression.dylib
0x00007fff2c1df000 	/System/Library/Frameworks/ApplicationServices.framework/Versions/A/Frameworks/ATS.framework/Versions/A/Resources/libFontParser.dylib
0x00007fff2c302000 	/System/Library/Frameworks/ApplicationServices.framework/Versions/A/Frameworks/ATS.framework/Versions/A/Resources/libFontRegistry.dylib
0x00007fff30819000 	/System/Library/Frameworks/ImageIO.framework/Versions/A/Resources/libJPEG.dylib
0x00007fff30b43000 	/System/Library/Frameworks/ImageIO.framework/Versions/A/Resources/libTIFF.dylib
0x00007fff30b19000 	/System/Library/Frameworks/ImageIO.framework/Versions/A/Resources/libPng.dylib
0x00007fff3072c000 	/System/Library/Frameworks/ImageIO.framework/Versions/A/Resources/libGIF.dylib
0x00007fff30731000 	/System/Library/Frameworks/ImageIO.framework/Versions/A/Resources/libJP2.dylib
0x00007fff30b40000 	/System/Library/Frameworks/ImageIO.framework/Versions/A/Resources/libRadiance.dylib
0x00007fff3e019000 	/System/Library/PrivateFrameworks/AppleJPEG.framework/Versions/A/AppleJPEG
0x00007fff324e3000 	/System/Library/Frameworks/MetalPerformanceShaders.framework/Frameworks/MPSCore.framework/Versions/A/MPSCore
0x00007fff324ff000 	/System/Library/Frameworks/MetalPerformanceShaders.framework/Frameworks/MPSImage.framework/Versions/A/MPSImage
0x00007fff32594000 	/System/Library/Frameworks/MetalPerformanceShaders.framework/Frameworks/MPSNeuralNetwork.framework/Versions/A/MPSNeuralNetwork
0x00007fff3256f000 	/System/Library/Frameworks/MetalPerformanceShaders.framework/Frameworks/MPSMatrix.framework/Versions/A/MPSMatrix
0x00007fff49414000 	/System/Library/PrivateFrameworks/MetalTools.framework/Versions/A/MetalTools
0x00007fff37849000 	/System/Library/Frameworks/OpenGL.framework/Versions/A/Libraries/libGLU.dylib
0x00007fff37689000 	/System/Library/Frameworks/OpenGL.framework/Versions/A/Libraries/libGFXShared.dylib
0x00007fff37693000 	/System/Library/Frameworks/OpenGL.framework/Versions/A/Libraries/libGL.dylib
0x00007fff3769f000 	/System/Library/Frameworks/OpenGL.framework/Versions/A/Libraries/libGLImage.dylib
0x00007fff3767b000 	/System/Library/Frameworks/OpenGL.framework/Versions/A/Libraries/libCVMSPluginSupport.dylib
0x00007fff37684000 	/System/Library/Frameworks/OpenGL.framework/Versions/A/Libraries/libCoreVMClient.dylib
0x00007fff54341000 	/usr/lib/libcups.2.dylib
0x00007fff31a4a000 	/System/Library/Frameworks/Kerberos.framework/Versions/A/Kerberos
0x00007fff3020d000 	/System/Library/Frameworks/GSS.framework/Versions/A/GSS
0x00007fff55448000 	/usr/lib/libresolv.9.dylib
0x00007fff5453f000 	/usr/lib/libiconv.2.dylib
0x00007fff4758f000 	/System/Library/PrivateFrameworks/Heimdal.framework/Versions/A/Heimdal
0x00007fff5450e000 	/usr/lib/libheimdal-asn1.dylib
0x00007fff364f1000 	/System/Library/Frameworks/OpenDirectory.framework/Versions/A/OpenDirectory
0x00007fff4032f000 	/System/Library/PrivateFrameworks/CommonAuth.framework/Versions/A/CommonAuth
0x00007fff364d4000 	/System/Library/Frameworks/OpenDirectory.framework/Versions/A/Frameworks/CFOpenDirectory.framework/Versions/A/CFOpenDirectory
0x00007fff39e0a000 	/System/Library/Frameworks/SecurityFoundation.framework/Versions/A/SecurityFoundation
0x00007fff3d1de000 	/System/Library/PrivateFrameworks/APFS.framework/Versions/A/APFS
0x00007fff55877000 	/usr/lib/libutil.dylib
0x00007fff3e09c000 	/System/Library/PrivateFrameworks/AppleSauce.framework/Versions/A/AppleSauce
0x00007fff486fb000 	/System/Library/PrivateFrameworks/LinguisticData.framework/Versions/A/LinguisticData
0x00007fff548c1000 	/usr/lib/libmarisa.dylib
0x00007fff486b5000 	/System/Library/PrivateFrameworks/Lexicon.framework/Versions/A/Lexicon
0x00007fff5343c000 	/usr/lib/libChineseTokenizer.dylib
0x00007fff53b83000 	/usr/lib/libcmph.dylib
0x00007fff485bf000 	/System/Library/PrivateFrameworks/LanguageModeling.framework/Versions/A/LanguageModeling
0x00007fff40e3e000 	/System/Library/PrivateFrameworks/CoreEmoji.framework/Versions/A/CoreEmoji
0x00007fff39ec8000 	/System/Library/Frameworks/ServiceManagement.framework/Versions/A/ServiceManagement
0x00007fff3e8e6000 	/System/Library/PrivateFrameworks/BackgroundTaskManagement.framework/Versions/A/BackgroundTaskManagement
0x00007fff55974000 	/usr/lib/libxslt.1.dylib
0x00007fff2d2a0000 	/System/Library/Frameworks/Carbon.framework/Versions/A/Frameworks/Ink.framework/Versions/A/Ink
0x00007fff51786000 	/System/Library/PrivateFrameworks/TextureIO.framework/Versions/A/TextureIO
0x00007fff53926000 	/usr/lib/libate.dylib
0x00007fff41f18000 	/System/Library/PrivateFrameworks/CrashReporterSupport.framework/Versions/A/CrashReporterSupport
0x00007fff4ead6000 	/System/Library/PrivateFrameworks/Sharing.framework/Versions/A/Sharing
0x00007fff48300000 	/System/Library/PrivateFrameworks/IconServices.framework/Versions/A/IconServices
0x00007fff3e516000 	/System/Library/PrivateFrameworks/AuthKit.framework/Versions/A/AuthKit
0x00007fff3de9c000 	/System/Library/PrivateFrameworks/Apple80211.framework/Versions/A/Apple80211
0x00007fff41d2d000 	/System/Library/PrivateFrameworks/CoreUtils.framework/Versions/A/CoreUtils
0x00007fff2f90a000 	/System/Library/Frameworks/CoreWLAN.framework/Versions/A/CoreWLAN
0x00007fff3034f000 	/System/Library/Frameworks/IOBluetooth.framework/Versions/A/IOBluetooth
0x00007fff4cf9f000 	/System/Library/PrivateFrameworks/ProtocolBuffer.framework/Versions/A/ProtocolBuffer
0x00007fff495f9000 	/System/Library/PrivateFrameworks/MobileKeyBag.framework/Versions/A/MobileKeyBag
0x00007fff415e2000 	/System/Library/PrivateFrameworks/CorePhoneNumbers.framework/Versions/A/CorePhoneNumbers
0x00007fff3dfd4000 	/System/Library/PrivateFrameworks/AppleIDAuthSupport.framework/Versions/A/AppleIDAuthSupport
0x00007fff485ab000 	/System/Library/PrivateFrameworks/KeychainCircle.framework/Versions/A/KeychainCircle
0x00007fff41eb3000 	/System/Library/PrivateFrameworks/CoreWiFi.framework/Versions/A/CoreWiFi
0x00007fff2d7eb000 	/System/Library/Frameworks/CoreBluetooth.framework/Versions/A/CoreBluetooth
0x00007fff42102000 	/System/Library/PrivateFrameworks/DebugSymbols.framework/Versions/A/DebugSymbols
0x00007fff41ae3000 	/System/Library/PrivateFrameworks/CoreSymbolication.framework/Versions/A/CoreSymbolication
0x00007fff50f77000 	/System/Library/PrivateFrameworks/Symbolication.framework/Versions/A/Symbolication
0x00007fff3dec6000 	/System/Library/PrivateFrameworks/AppleFSCompression.framework/Versions/A/AppleFSCompression
0x00007fff503c4000 	/System/Library/PrivateFrameworks/SpeechRecognitionCore.framework/Versions/A/SpeechRecognitionCore
0x0000000104025000 	/Library/Frameworks/R.framework/Versions/4.0/Resources/lib/libRblas.dylib
0x0000000104057000 	/Library/Frameworks/R.framework/Versions/4.0/Resources/lib/libgfortran.5.dylib
0x0000000104310000 	/Library/Frameworks/R.framework/Versions/4.0/Resources/lib/libquadmath.0.dylib
0x00007fff54bb5000 	/usr/lib/libncurses.5.4.dylib
0x000000010435c000 	/Library/Frameworks/R.framework/Versions/4.0/Resources/lib/libgcc_s.1.dylib
0x000000010631f000 	/Library/Frameworks/R.framework/Versions/4.0/Resources/library/methods/libs/methods.so
0x00000001069f6000 	/Library/Frameworks/R.framework/Versions/4.0/Resources/library/utils/libs/utils.so
0x0000000106a09000 	/Library/Frameworks/R.framework/Versions/4.0/Resources/library/grDevices/libs/grDevices.so
0x0000000106aac000 	/Library/Frameworks/R.framework/Versions/4.0/Resources/library/graphics/libs/graphics.so
0x0000000106af5000 	/Library/Frameworks/R.framework/Versions/4.0/Resources/library/stats/libs/stats.so
0x0000000106bbc000 	/Library/Frameworks/R.framework/Versions/4.0/Resources/lib/libRlapack.dylib
0x0000000106f19000 	/Library/Frameworks/R.framework/Versions/4.0/Resources/library/tools/libs/tools.so
0x0000000107800000 	/Library/Frameworks/R.framework/Resources/modules//internet.so
0x00007fff543c2000 	/usr/lib/libcurl.4.dylib
0x00007fff54009000 	/usr/lib/libcrypto.35.dylib
0x00007fff5569e000 	/usr/lib/libssl.35.dylib
0x00007fff31a64000 	/System/Library/Frameworks/LDAP.framework/Versions/A/LDAP
0x00007fff518ed000 	/System/Library/PrivateFrameworks/TrustEvaluationAgent.framework/Versions/A/TrustEvaluationAgent
0x00007fff554a0000 	/usr/lib/libsasl2.2.dylib
0x00007fff40cc7000 	/System/Library/PrivateFrameworks/CoreDaemon.framework/Versions/B/CoreDaemon
0x00007fff3e093000 	/System/Library/PrivateFrameworks/AppleSRP.framework/Versions/A/AppleSRP
0x00000001062f0000 	/Library/Frameworks/R.framework/Versions/4.0/Resources/library/fansi/libs/fansi.so
0x0000000106302000 	/Library/Frameworks/R.framework/Versions/4.0/Resources/library/glue/libs/glue.so
0x0000000107f41000 	/Library/Frameworks/R.framework/Versions/4.0/Resources/library/rlang/libs/rlang.so
0x0000000106307000 	/Library/Frameworks/R.framework/Versions/4.0/Resources/library/ellipsis/libs/ellipsis.so
0x000000010630b000 	/Library/Frameworks/R.framework/Versions/4.0/Resources/library/fastmap/libs/fastmap.so
0x000000010631b000 	/Library/Frameworks/R.framework/Versions/4.0/Resources/library/cachem/libs/cachem.so
0x000000010799a000 	/Library/Frameworks/R.framework/Versions/4.0/Resources/library/processx/libs/processx.so
0x0000000107fc7000 	/Library/Frameworks/R.framework/Versions/4.0/Resources/library/ps/libs/ps.so
0x0000000106ff8000 	/Library/Frameworks/R.framework/Versions/4.0/Resources/library/pkgload/libs/pkgload.so
0x0000000106ffc000 	/Library/Frameworks/R.framework/Versions/4.0/Resources/library/backports/libs/backports.so
0x00000001079ac000 	/Library/Frameworks/R.framework/Versions/4.0/Resources/library/magrittr/libs/magrittr.so
0x0000000108086000 	/Library/Frameworks/R.framework/Versions/4.0/Resources/library/testthat/libs/testthat.so
0x0000000108144000 	/Library/Frameworks/R.framework/Versions/4.0/Resources/library/fs/libs/fs.so
0x0000000107f79000 	/Library/Frameworks/R.framework/Versions/4.0/Resources/library/purrr/libs/purrr.so
0x00000001081aa000 	/Library/Frameworks/R.framework/Versions/4.0/Resources/library/digest/libs/digest.so
0x00000001079b2000 	/Library/Frameworks/R.framework/Versions/4.0/Resources/library/htmltools/libs/htmltools.so
0x00000001081f6000 	/Library/Frameworks/R.framework/Versions/4.0/Resources/library/xfun/libs/xfun.so
0x00000001082d2000 	/Library/Frameworks/R.framework/Versions/4.0/Resources/library/yaml/libs/yaml.so
0x00000001088f2000 	/Library/Java/JavaVirtualMachines/jdk-15.0.2.jdk/Contents/Home/lib/server/libjvm.dylib
0x00000001098ae000 	/Library/Frameworks/R.framework/Versions/4.0/Resources/library/rJava/libs/rJava.so
0x00000001098c1000 	/Library/Java/JavaVirtualMachines/jdk-15.0.2.jdk/Contents/Home/lib/libjimage.dylib
0x00000001098d7000 	/Library/Java/JavaVirtualMachines/jdk-15.0.2.jdk/Contents/Home/lib/libjava.dylib
0x000000010bc00000 	/Library/Java/JavaVirtualMachines/jdk-15.0.2.jdk/Contents/Home/lib/libnio.dylib
0x000000010bc14000 	/Library/Java/JavaVirtualMachines/jdk-15.0.2.jdk/Contents/Home/lib/./libnet.dylib
0x000000010bc75000 	/Library/Java/JavaVirtualMachines/jdk-15.0.2.jdk/Contents/Home/lib/libzip.dylib
0x000000010bc83000 	/Library/Java/JavaVirtualMachines/jdk-15.0.2.jdk/Contents/Home/lib/libverify.dylib
0x000000010883c000 	/Library/Frameworks/R.framework/Versions/4.0/Resources/library/Rcpp/libs/Rcpp.so
0x000000010bd2a000 	/Library/Frameworks/R.framework/Versions/4.0/Resources/library/readxl/libs/readxl.so
0x000000010bded000 	/Library/Frameworks/R.framework/Versions/4.0/Resources/library/vctrs/libs/vctrs.so
0x00000001088d4000 	/Library/Frameworks/R.framework/Versions/4.0/Resources/library/tibble/libs/tibble.so
0x00007fff41775000 	/System/Library/PrivateFrameworks/CoreServicesInternal.framework/Versions/A/CoreServicesInternal
0x00007fff3f7ad000 	/System/Library/PrivateFrameworks/CloudDocs.framework/Versions/A/CloudDocs
0x00007fff434ed000 	/System/Library/PrivateFrameworks/FileProvider.framework/Versions/A/FileProvider
0x00007fff50483000 	/System/Library/PrivateFrameworks/SpotlightIndex.framework/Versions/A/SpotlightIndex
0x00007fff51011000 	/System/Library/PrivateFrameworks/SymptomDiagnosticReporter.framework/Versions/A/SymptomDiagnosticReporter
0x00007fff46b3b000 	/System/Library/PrivateFrameworks/GenerationalStorage.framework/Versions/A/GenerationalStorage
0x00007fff3f757000 	/System/Library/PrivateFrameworks/ChunkingLibrary.framework/Versions/A/ChunkingLibrary
0x00007fff412b1000 	/System/Library/PrivateFrameworks/CoreNLP.framework/Versions/A/CoreNLP
0x00007fff548d8000 	/usr/lib/libmecab.1.0.0.dylib
0x00007fff54509000 	/usr/lib/libgermantok.dylib
0x00007fff538cf000 	/usr/lib/libThaiTokenizer.dylib


VM Arguments:
jvm_args: -Djava.awt.headless=true -Xmx512m -Xrs vfprintf exit -Xss2m 
java_command: <unknown>
java_class_path (initial): /Library/Frameworks/R.framework/Versions/4.0/Resources/library/rJava/java/boot
Launcher Type: generic

[Global flags]
     intx CICompilerCount                          = 3                                         {product} {ergonomic}
     uint ConcGCThreads                            = 1                                         {product} {ergonomic}
     uint G1ConcRefinementThreads                  = 4                                         {product} {ergonomic}
   size_t G1HeapRegionSize                         = 1048576                                   {product} {ergonomic}
    uintx GCDrainStackTargetSize                   = 64                                        {product} {ergonomic}
   size_t InitialHeapSize                          = 67108864                                  {product} {ergonomic}
   size_t MarkStackSize                            = 4194304                                   {product} {ergonomic}
   size_t MaxHeapSize                              = 536870912                                 {product} {command line}
   size_t MaxNewSize                               = 321912832                                 {product} {ergonomic}
   size_t MinHeapDeltaBytes                        = 1048576                                   {product} {ergonomic}
   size_t MinHeapSize                              = 8388608                                   {product} {ergonomic}
    uintx NonNMethodCodeHeapSize                   = 5832780                                {pd product} {ergonomic}
    uintx NonProfiledCodeHeapSize                  = 122912730                              {pd product} {ergonomic}
    uintx ProfiledCodeHeapSize                     = 122912730                              {pd product} {ergonomic}
     bool ReduceSignalUsage                        = true                                      {product} {command line}
    uintx ReservedCodeCacheSize                    = 251658240                              {pd product} {ergonomic}
     bool SegmentedCodeCache                       = true                                      {product} {ergonomic}
   size_t SoftMaxHeapSize                          = 536870912                              {manageable} {ergonomic}
     intx ThreadStackSize                          = 2048                                   {pd product} {command line}
     bool UseCompressedClassPointers               = true                                 {lp64_product} {ergonomic}
     bool UseCompressedOops                        = true                                 {lp64_product} {ergonomic}
     bool UseG1GC                                  = true                                      {product} {ergonomic}
     bool UseNUMA                                  = false                                     {product} {ergonomic}
     bool UseNUMAInterleaving                      = false                                     {product} {ergonomic}

Logging:
Log output configuration:
 #0: stdout all=warning uptime,level,tags
 #1: stderr all=off uptime,level,tags

Environment Variables:
PATH=/usr/bin:/bin:/usr/sbin:/sbin:/usr/local/bin:/Library/TeX/texbin:/Applications/RStudio.app/Contents/MacOS/postback
SHELL=/bin/bash
DISPLAY=:0
LANG=en_US.UTF-8
LC_CTYPE=en_US.UTF-8
DYLD_LIBRARY_PATH=/Library/Java/JavaVirtualMachines/jdk-15.0.2.jdk/Contents/Home/lib/server
DYLD_FALLBACK_LIBRARY_PATH=/Library/Frameworks/R.framework/Resources/lib:/Users/tedflorea/lib:/usr/local/lib:/usr/lib:::/lib:/Library/Java/JavaVirtualMachines/jdk1.8.0_241.jdk/Contents/Home/jre/lib/server

Signal Handlers:
SIGSEGV: [libjvm.dylib+0x9ff2f0], sa_mask[0]=11111111011111110111111111111111, sa_flags=SA_ONSTACK|SA_RESTART|SA_SIGINFO
SIGBUS: [libjvm.dylib+0x9ff2f0], sa_mask[0]=11111111011111110111111111111111, sa_flags=SA_RESTART|SA_SIGINFO
SIGFPE: [libjvm.dylib+0x9ff2f0], sa_mask[0]=11111111011111110111111111111111, sa_flags=SA_RESTART|SA_SIGINFO
SIGPIPE: [libjvm.dylib+0x82ae30], sa_mask[0]=11111111011111110111111111111111, sa_flags=SA_RESTART|SA_SIGINFO
SIGXFSZ: [libjvm.dylib+0x82ae30], sa_mask[0]=11111111011111110111111111111111, sa_flags=SA_RESTART|SA_SIGINFO
SIGILL: [libjvm.dylib+0x9ff2f0], sa_mask[0]=11111111011111110111111111111111, sa_flags=SA_RESTART|SA_SIGINFO
SIGUSR2: [libjvm.dylib+0x82b940], sa_mask[0]=10000000000000000000000000000000, sa_flags=SA_RESTART|SA_SIGINFO
SIGHUP: SIG_DFL, sa_mask[0]=00000000000000000000000000000000, sa_flags=none
SIGINT: [rsession+0x156b30], sa_mask[0]=00000000000000000000000000000000, sa_flags=SA_RESTART
SIGTERM: SIG_DFL, sa_mask[0]=00000000000000000000000000000000, sa_flags=none
SIGQUIT: SIG_DFL, sa_mask[0]=00000000000000000000000000000000, sa_flags=none


---------------  S Y S T E M  ---------------

OS:uname: Darwin 17.7.0 Darwin Kernel Version 17.7.0: Thu Jun 21 22:53:14 PDT 2018; root:xnu-4570.71.2~1/RELEASE_X86_64 x86_64
OS uptime: 0 days 12:01 hours
rlimit (soft/hard): STACK 8192k/65532k , CORE 0k/infinity , NPROC 709/1064 , NOFILE 10240/infinity , AS infinity/infinity , CPU infinity/infinity , DATA infinity/infinity , FSIZE infinity/infinity , MEMLOCK infinity/infinity , RSS infinity/infinity
load average: 1.62 1.82 1.96

CPU: total 4 (initial active 4) (2 cores per cpu, 2 threads per core) family 6 model 42 stepping 7 microcode 0x2f, cmov, cx8, fxsr, mmx, sse, sse2, sse3, ssse3, sse4.1, sse4.2, popcnt, vzeroupper, avx, aes, clmul, ht, tsc, tscinvbit, clflush

Memory: 4k page, physical 4194304k(108816k free), swap 2097152k(1676800k free)

vm_info: Java HotSpot(TM) 64-Bit Server VM (15.0.2+7-27) for bsd-amd64 JRE (15.0.2+7-27), built on Dec  7 2020 20:08:32 by "mach5one" with clang 4.2.1 Compatible Apple LLVM 10.0.0 (clang-1000.11.45.5)

END.
