This is pdfTeX, Version 3.141592653-2.6-1.40.22 (TeX Live 2021) (preloaded format=pdflatex 2021.5.3)  3 MAY 2021 14:31
entering extended mode
 restricted \write18 enabled.
 %&-line parsing enabled.
**CSF-semester-project.tex
(./CSF-semester-project.tex
LaTeX2e <2020-10-01> patch level 4
L3 programming layer <2021-02-18>

! LaTeX Error: File `apa6.cls' not found.

Type X to quit or <RETURN> to proceed,
or enter new name. (Default extension: cls)

Enter file name: 
! Emergency stop.
<read *> 
         
l.8 \usepackage
               {amsmath,amssymb}^^M 
Here is how much of TeX's memory you used:
 23 strings out of 480954
 501 string characters out of 5906364
 278000 words of memory out of 5000000
 17354 multiletter control sequences out of 15000+600000
 403430 words of font info for 27 fonts, out of 8000000 for 9000
 14 hyphenation exceptions out of 8191
 32i,0n,39p,99b,13s stack positions out of 5000i,500n,10000p,200000b,80000s

!  ==> Fatal error occurred, no output PDF file produced!
